<?xml version="1.0" encoding="UTF-8"?>
<!-- Generated by org.testng.reporters.JUnitReportReporter -->
<testsuite hostname="LAPTOP-0NUUCPCM" failures="0" tests="2" name="com.naukri.qa.Testcases.ProfileTest" time="26.266" errors="0" timestamp="2024-07-09T03:06:53 IST" skipped="0">
  <testcase classname="com.naukri.qa.Testcases.ProfileTest" name="verifyResumeheadlineDtl" time="16.099"/>
  <system-out/>
  <testcase classname="com.naukri.qa.Testcases.ProfileTest" name="verifyProfileName" time="10.167"/>
  <system-out/>
</testsuite> <!-- com.naukri.qa.Testcases.ProfileTest -->
