<?xml version="1.0" encoding="UTF-8"?>
<!-- Generated by org.testng.reporters.JUnitReportReporter -->
<testsuite hostname="LAPTOP-0NUUCPCM" failures="0" tests="1" name="com.naukri.qa.Testcases.HomePageTest" time="15.180" errors="0" timestamp="2024-07-07T02:32:28 IST" skipped="0">
  <testcase classname="com.naukri.qa.Testcases.HomePageTest" name="clickOncompleteProfile" time="15.180"/>
  <system-out/>
</testsuite> <!-- com.naukri.qa.Testcases.HomePageTest -->
