<?xml version="1.0" encoding="UTF-8"?>
<!-- Generated by org.testng.reporters.JUnitReportReporter -->
<testsuite hostname="LAPTOP-0NUUCPCM" failures="0" tests="2" name="com.naukri.qa.Testcases.ProfileTest" time="29.099" errors="0" timestamp="2024-07-07T02:32:28 IST" skipped="0">
  <testcase classname="com.naukri.qa.Testcases.ProfileTest" name="verifyProfileName" time="10.239"/>
  <system-out/>
  <testcase classname="com.naukri.qa.Testcases.ProfileTest" name="verifyResumeheadlineDtl" time="18.860"/>
  <system-out/>
</testsuite> <!-- com.naukri.qa.Testcases.ProfileTest -->
